<?xml version="1.0" encoding="UTF-8" ?>
<testsuite errors="0" failures="0" hostname="WIN-MPZACNWLHA" name="it.salestaxes.test.SalesTaxesTest" skipped="0" tests="3" time="0.075" timestamp="2016-11-23T23:32:59">
  <properties>
[...]
</properties>
  <testcase classname="it.salestaxes.test.SalesTaxesTest" name="generateReceiptTest1" time="0.009" />
  <testcase classname="it.salestaxes.test.SalesTaxesTest" name="generateReceiptTest2" time="0.0" />
  <testcase classname="it.salestaxes.test.SalesTaxesTest" name="generateReceiptTest3" time="0.001" />
  <system-out><![CDATA[Output 1:
1 book: 12.49
1 music CD: 16.49
1 chocolate bar: 0.85
Sales Taxes: 1.50
Total: 29.83


Output 2:
1 imported box of chocolates: 10.50
1 imported bottle of perfume: 54.65
Sales Taxes: 7.65
Total: 65.15


Output 3:
1 imported  bottle of perfume: 32.19
1 bottle of perfume: 20.89
1 packet of headache pills: 9.75
1 imported box of chocolates: 11.80
Sales Taxes: 6.65
Total: 74.63


]]></system-out>
  <system-err><![CDATA[]]></system-err>
</testsuite>
